<?xml version="1.0" encoding="UTF-8"?>
<!-- Generated by org.testng.reporters.JUnitReportReporter -->
<testsuite hostname="tzq-PC" name="com.tzq.auto.WebTour" tests="1" failures="0" timestamp="8 May 2018 08:58:34 GMT" time="25.489" errors="0">
  <testcase name="testServices" time="25.489" classname="com.tzq.auto.WebTour"/>
</testsuite> <!-- com.tzq.auto.WebTour -->
