<?xml version="1.0" encoding="UTF-8"?>
<!-- Generated by org.testng.reporters.JUnitReportReporter -->
<testsuite hostname="tr-c7a95b29e8b5" name="com.tr.testng.WebTour" tests="2" failures="0" timestamp="29 Apr 2018 16:58:31 GMT" time="20.562" errors="0">
  <testcase name="testServices" time="12.906" classname="com.tr.testng.WebTour"/>
  <testcase name="testTitleAndOutPutLink" time="7.656" classname="com.tr.testng.WebTour"/>
</testsuite> <!-- com.tr.testng.WebTour -->
